<?xml version="1.0" encoding="UTF-8"?>
<!-- Tests compiled with Criterion v2.4.2 -->
<testsuites name="Criterion Tests" tests="28" failures="5" errors="0" disabled="0">
  <testsuite name="piping_suite" tests="7" failures="4" errors="0" disabled="0" skipped="0" time="8.319">
    <testcase name="real_tasks_with_pipeline_outfile_test" assertions="2" status="PASSED" time="0.171">
    </testcase>
    <testcase name="error_in_pipeline_test" assertions="1" status="FAILED" time="1.433">
      <failure type="assert" message="1 assertion(s) failed."><![CDATA[tests/__grading_helpers.c:17: Program exited with 1 instead of EXIT_SUCCESS]]>&#10;</failure>
    </testcase>
    <testcase name="error_in_pipeline_no_input_test" assertions="1" status="FAILED" time="2.033">
      <failure type="assert" message="1 assertion(s) failed."><![CDATA[tests/__grading_helpers.c:17: Program exited with 1 instead of EXIT_SUCCESS]]>&#10;</failure>
    </testcase>
    <testcase name="basic_tasks_with_pipeline_test" assertions="1" status="PASSED" time="1.023">
    </testcase>
    <testcase name="basic_tasks_with_pipeline_signal_test" assertions="0" status="ERRORED" time="1.005">
      <error type="timeout" message="The test timed out." />    </testcase>
    <testcase name="basic_tasks_with_pipeline_nonzero_test" assertions="1" status="FAILED" time="1.025">
      <failure type="assert" message="1 assertion(s) failed."><![CDATA[tests/__grading_helpers.c:17: Program exited with 1 instead of EXIT_SUCCESS]]>&#10;</failure>
    </testcase>
    <testcase name="basic_tasks_no_pipeline_test" assertions="1" status="PASSED" time="1.630">
    </testcase>
  </testsuite>
  <testsuite name="parallel_suite" tests="7" failures="0" errors="0" disabled="0" skipped="0" time="7.266">
    <testcase name="parallel_subrecipe_multiple_deps_test" assertions="1" status="PASSED" time="2.236">
    </testcase>
    <testcase name="parallel_real_tasks_with_pipeline_outfile_test" assertions="2" status="PASSED" time="0.141">
    </testcase>
    <testcase name="parallel_basic_subrecipe_multiple_deps_nodelay" assertions="1" status="PASSED" time="0.131">
    </testcase>
    <testcase name="more_than_max_cook_parallelism_test" assertions="1" status="PASSED" time="2.241">
    </testcase>
    <testcase name="more_than_max_cook_parallelism_nodelay" assertions="1" status="PASSED" time="0.133">
    </testcase>
    <testcase name="large_parallelism_test" assertions="1" status="PASSED" time="2.243">
    </testcase>
    <testcase name="large_parallelism_nodelay" assertions="1" status="PASSED" time="0.140">
    </testcase>
  </testsuite>
  <testsuite name="output_suite" tests="7" failures="1" errors="0" disabled="0" skipped="0" time="0.159">
    <testcase name="welcome_test" assertions="2" status="PASSED" time="0.023">
    </testcase>
    <testcase name="piping_test" assertions="2" status="PASSED" time="0.026">
    </testcase>
    <testcase name="output_redirection" assertions="2" status="PASSED" time="0.026">
    </testcase>
    <testcase name="no_piping_test" assertions="2" status="PASSED" time="0.026">
    </testcase>
    <testcase name="invalid_task_test" assertions="1" status="FAILED" time="0.018">
      <failure type="assert" message="1 assertion(s) failed."><![CDATA[tests/__grading_helpers.c:23: Program exited with 0 instead of EXIT_FAILURE]]>&#10;</failure>
    </testcase>
    <testcase name="invalid_args_test" assertions="1" status="PASSED" time="0.016">
    </testcase>
    <testcase name="input_redirection" assertions="2" status="PASSED" time="0.026">
    </testcase>
  </testsuite>
  <testsuite name="dependency_suite" tests="5" failures="0" errors="0" disabled="0" skipped="0" time="7.464">
    <testcase name="unused_recipe_test" assertions="1" status="PASSED" time="1.728">
    </testcase>
    <testcase name="invalid_subrecipe_test" assertions="1" status="PASSED" time="0.119">
    </testcase>
    <testcase name="basic_subrecipe_single_dep_test" assertions="1" status="PASSED" time="1.934">
    </testcase>
    <testcase name="basic_subrecipe_multiple_deps_seq_test" assertions="1" status="PASSED" time="3.544">
    </testcase>
    <testcase name="basic_subrecipe_multiple_deps_nodelay" assertions="1" status="PASSED" time="0.138">
    </testcase>
  </testsuite>
  <testsuite name="basecode_suite" tests="2" failures="0" errors="0" disabled="0" skipped="0" time="5.240">
    <testcase name="hello_world_test" assertions="2" status="PASSED" time="0.178">
    </testcase>
    <testcase name="cook_basic_test" assertions="1" status="PASSED" time="5.062">
    </testcase>
  </testsuite>
</testsuites>
